    1  ls
    2  cd root
    3  ls
    4  cd server_lesson/
    5  ls
    6  cd README.md 
    7  vi README.md 
    8  cat README.md 
    9  mkdir /linux_practice2 
   10  ls
   11  mkdir linux_practice2 
   12  ls
   13  cd linux_practice1
   14  ls
   15  cd ../
   16  cd linux_practice2
   17  mkdir documents
   18  cd documents/
   19  touch gizumo{01..50}.md
   20  ls
   21  cd ../
   22  mkdir trash
   23  ls
   24  mv documents/gizumo{20..40}.md trash
   25  ls
   26  cd trash/
   27  ls
   28  cd ../../
   29  ls
   30  cd linux_practice2
   31  ls
   32  mkdir .gitignore
   33* 
   34  cd gitignore
   35  ls
   36  touch .gitignore
   37  ls
   38  cd trash
   39  ls
   40  cd ../
   41  touch .gitignore
   42  ls
   43  mv trash/gizumo{20..40}.md .gitignore
   44  cd trash/
   45  ls
   46  ls
   47  mv .gitignore/gizumo{20..40}.md trash
   48  mv .gitignore/gizumo{20..40}.md trash
   49  cd .gitignore
   50  vi .gitignore
   51  git checkout gizumo{20..40}.md
   52  git checkout .gitignore/gizumo{20..40}.md
   53  git checkout gizumo{20..40}.md
   54  ls
   55  touch gizumo{20..40}.md
   56  ls
   57  vi gizumo{20..29}.md
   58  ls
   59  cd ../
   60  ls
   61  vi .gitignore
   62  rm .gitignore
   63  rm /.gitignore
   64  touch .gitignore
   65  ls
   66  cd trash
   67  ls
   68  vi gizumo{20..29}.md
   69  vi .gitignore
   70   history 300
   71  cd /root
   72   history 300
   73   history 300
   74  exec_command.log
   75  history300
   76  history300
   77  history300
   78  cd /root
   79  cd server_lesson/
   80  history300
   81  exec_command.log
   82  ls
   83  cd linux_practice2
   84  history300
   85   -a exec_command.log
   86  ls
   87  ls -a
   88  touch -a history300
   89  ls
   90  rm history300
   91  ls
   92  history300 -a >exec_command.log
   93  history 300 >exec_command.log
